


log for /home/runner/.julia/artifacts/c4069199178afeecd74780d7e158664e253b3eea/bin/xporta -T ./porta_tmp/traf_tmp.poi 

input file ./porta_tmp/traf_tmp.poi o.k.
dimension              :    8 
number of cone-points  :    0 
number of conv-points  :   16 

GAUSS - ELIMINATION:
| iter- |     # equa |  # ineq  |   max| long|   non- |     mem |  cpu-time | real-time |
| ation |            |          |  bit-|arith|  zeros |    used |      used |      used |
|       |            |          |length|metic|   in % |   in kB |    in sec |    in sec |
|-------|------------|----------|------|-----|--------|---------|-----------|-----------|
|     9 |          9 |        1 |    1 |   n |   0.37 |      50 |      0.00 |      0.00 |
|     8 |          8 |        2 |    1 |   n |   0.34 |      50 |      0.00 |      0.00 |
|     7 |          7 |        3 |    2 |   n |   0.40 |      50 |      0.00 |      0.00 |
|     6 |          6 |        4 |    2 |   n |   0.47 |      50 |      0.00 |      0.00 |
|     5 |          5 |        5 |    2 |   n |   0.42 |      50 |      0.00 |      0.00 |
|     4 |          4 |        6 |    2 |   n |   0.43 |      50 |      0.00 |      0.00 |
|     3 |          3 |        7 |    1 |   n |   0.43 |      50 |      0.00 |      0.00 |
|     2 |          2 |        8 |    1 |   n |   0.49 |      50 |      0.00 |      0.00 |
|     1 |          1 |        9 |    1 |   n |   0.53 |      50 |      0.00 |      0.00 |

FOURIER - MOTZKIN - ELIMINATION:
| iter- |      upper |  # ineq  |   max| long|   non- |     mem |  cpu-time | real-time |
| ation |      bound |          |  bit-|arith|  zeros |    used |      used |      used |
|       |     # ineq |          |length|metic|   in % |   in kB |    in sec |    in sec |
|-------|------------|----------|------|-----|--------|---------|-----------|-----------|
|     7 |         10 |       10 |    1 |   n |   0.12 |     846 |      0.00 |      0.00 |
|     6 |         11 |       11 |    1 |   n |   0.14 |     846 |      0.00 |      0.00 |
|     5 |         12 |       12 |    1 |   n |   0.15 |     846 |      0.00 |      0.00 |
|     4 |         18 |       18 |    1 |   n |   0.26 |     847 |      0.00 |      0.00 |
|     3 |         33 |       21 |    1 |   n |   0.27 |     847 |      0.00 |      0.00 |
|     2 |         36 |       24 |    1 |   n |   0.28 |     847 |      0.00 |      0.00 |
|     1 |         52 |       24 |    1 |   n |   0.30 |     847 |      0.00 |      0.00 |

sum of inequalities over all iterations :    120
maximal number of inequalities          :     24

transformation to integer values 
sorting system 

number of equations    :    0 
number of inequalities :   24 

output written to file ./porta_tmp/traf_tmp.poi.ieq

